<?xml version="1.0" encoding="UTF-8"?>
<!-- Generated by org.testng.reporters.JUnitReportReporter -->
<testsuite skipped="0" hostname="W7N21648" name="TestCases.validateTitle" tests="6" failures="0" timestamp="2021-01-27T16:16:35 CET" time="48.489" errors="0">
  <testcase name="TC5" time="11.145" classname="TestCases.validateTitle"/>
  <system-out/>
  <testcase name="TC6" time="8.764" classname="TestCases.validateTitle"/>
  <system-out/>
  <testcase name="TC1" time="6.474" classname="TestCases.validateTitle"/>
  <system-out/>
  <testcase name="TC4" time="11.177" classname="TestCases.validateTitle"/>
  <system-out/>
  <testcase name="TC2" time="6.546" classname="TestCases.validateTitle"/>
  <system-out/>
  <testcase name="TC3" time="4.383" classname="TestCases.validateTitle"/>
  <system-out/>
</testsuite> <!-- TestCases.validateTitle -->
